  myMassSpring.cpp
C:\Users\nathan\Downloads\MassSprings-1.3\MassSprings-StartingCode\myproj\configuration.h(14,26): warning C4305: 'initialisation' : troncation de 'double' à 'float'
C:\Users\nathan\Downloads\MassSprings-1.3\MassSprings-StartingCode\myproj\myMassSpring.cpp(71,16): warning C4244: 'initialisation' : conversion de 'double' en 'float', perte possible de données
C:\Users\nathan\Downloads\MassSprings-1.3\MassSprings-StartingCode\myproj\myMassSpring.cpp(208,21): warning C4018: '<' : incompatibilité signed/unsigned
C:\Users\nathan\Downloads\MassSprings-1.3\MassSprings-StartingCode\myproj\myMassSpring.cpp(210,22): warning C4018: '<' : incompatibilité signed/unsigned
C:\Users\nathan\Downloads\MassSprings-1.3\MassSprings-StartingCode\myproj\myMassSpring.cpp(217,21): warning C4018: '<' : incompatibilité signed/unsigned
C:\Users\nathan\Downloads\MassSprings-1.3\MassSprings-StartingCode\myproj\myMassSpring.cpp(219,22): warning C4018: '<' : incompatibilité signed/unsigned
C:\Users\nathan\Downloads\MassSprings-1.3\MassSprings-StartingCode\myproj\myMassSpring.cpp(229,21): warning C4018: '<' : incompatibilité signed/unsigned
C:\Users\nathan\Downloads\MassSprings-1.3\MassSprings-StartingCode\myproj\myMassSpring.cpp(231,22): warning C4018: '<' : incompatibilité signed/unsigned
C:\Users\nathan\Downloads\MassSprings-1.3\MassSprings-StartingCode\myproj\myMassSpring.cpp(233,90): warning C4244: 'argument' : conversion de 'double' en 'float', perte possible de données
C:\Users\nathan\Downloads\MassSprings-1.3\MassSprings-StartingCode\myproj\myMassSpring.cpp(234,94): warning C4244: 'argument' : conversion de 'double' en 'float', perte possible de données
C:\Program Files (x86)\Microsoft Visual Studio\2019\Community\VC\Tools\MSVC\14.28.29910\include\xstring(3063,1): fatal error C1088: Impossible de vider le fichier intermédiaire du compilateur : 'C:\Users\nathan\AppData\Local\Temp\_CL_d81b0ab2ex' : No space left on device
C:\Program Files (x86)\Microsoft Visual Studio\2019\Community\VC\Tools\MSVC\14.28.29910\include\xstring(3061): message : pendant la compilation de la fonction membre classe modèle 'std::basic_string<wchar_t,std::char_traits<wchar_t>,std::allocator<wchar_t>> &std::basic_string<wchar_t,std::char_traits<wchar_t>,std::allocator<wchar_t>>::assign(const _Elem *const )'
          with
          [
              _Elem=wchar_t
          ]
C:\Program Files (x86)\Microsoft Visual Studio\2019\Community\VC\Tools\MSVC\14.28.29910\include\xstring(2417): message : voir la référence à l'instanciation de la fonction modèle 'std::basic_string<wchar_t,std::char_traits<wchar_t>,std::allocator<wchar_t>> &std::basic_string<wchar_t,std::char_traits<wchar_t>,std::allocator<wchar_t>>::assign(const _Elem *const )' en cours de compilation
          with
          [
              _Elem=wchar_t
          ]
C:\Program Files (x86)\Microsoft Visual Studio\2019\Community\VC\Tools\MSVC\14.28.29910\include\xstring(4736): message : voir la référence à l'instanciation classe modèle 'std::basic_string<wchar_t,std::char_traits<wchar_t>,std::allocator<wchar_t>>' en cours de compilation
